#
# A fatal error has been detected by the Java Runtime Environment:
#
#  Internal Error (javaClasses.cpp:127), pid=7236, tid=5988
#  fatal error: Invalid layout of preloaded class
#
# JRE version:  (8.0_51-b16) (build )
# Java VM: Java HotSpot(TM) Client VM (25.51-b03 mixed mode windows-x86 )
# Failed to write core dump. Minidumps are not enabled by default on client versions of Windows
#
# If you would like to submit a bug report, please visit:
#   http://bugreport.java.com/bugreport/crash.jsp
#

---------------  T H R E A D  ---------------

Current thread (0x0038c800):  JavaThread "Unknown thread" [_thread_in_vm, id=5988, stack(0x01760000,0x017b0000)]

Stack: [0x01760000,0x017b0000],  sp=0x017af504,  free space=317k
Native frames: (J=compiled Java code, j=interpreted, Vv=VM code, C=native code)
V  [jvm.dll+0x1a519b]
V  [jvm.dll+0x19da96]
V  [jvm.dll+0x42409]
V  [jvm.dll+0x425be]
V  [jvm.dll+0x51ade]
V  [jvm.dll+0xa868e]
V  [jvm.dll+0xa8952]
V  [jvm.dll+0x154751]
V  [jvm.dll+0x1788cb]
V  [jvm.dll+0xe5291]
C  [javaw.exe+0x14d3]
C  [javaw.exe+0x2047]
C  [javaw.exe+0xae2f]
C  [javaw.exe+0xaeb9]
C  [kernel32.dll+0x4ee6c]
C  [ntdll.dll+0x63ab3]
C  [ntdll.dll+0x63a86]
C  0x00000000


---------------  P R O C E S S  ---------------

Java Threads: ( => current thread )

Other Threads:

=>0x0038c800 (exited) JavaThread "Unknown thread" [_thread_in_vm, id=5988, stack(0x01760000,0x017b0000)]

VM state:not at safepoint (not fully initialized)

VM Mutex/Monitor currently owned by a thread: None

GC Heap History (0 events):
No events

Deoptimization events (0 events):
No events

Internal exceptions (0 events):
No events

Events (10 events):
Event: 0.043 loading class java/lang/CharSequence done
Event: 0.043 loading class java/lang/String done
Event: 0.043 loading class java/lang/Class
Event: 0.043 loading class java/lang/reflect/AnnotatedElement
Event: 0.044 loading class java/lang/reflect/AnnotatedElement done
Event: 0.044 loading class java/lang/reflect/GenericDeclaration
Event: 0.044 loading class java/lang/reflect/GenericDeclaration done
Event: 0.044 loading class java/lang/reflect/Type
Event: 0.044 loading class java/lang/reflect/Type done
Event: 0.044 loading class java/lang/Class done


Dynamic libraries:
0x00830000 - 0x00863000 	C:\Program Files\Java\jre1.8.0_51\bin\javaw.exe
0x77bd0000 - 0x77d11000 	C:\Windows\SYSTEM32\ntdll.dll
0x772e0000 - 0x773b4000 	C:\Windows\system32\kernel32.dll
0x75e70000 - 0x75ebb000 	C:\Windows\system32\KERNELBASE.dll
0x77a70000 - 0x77b11000 	C:\Windows\system32\ADVAPI32.dll
0x76020000 - 0x760cc000 	C:\Windows\system32\msvcrt.dll
0x77e00000 - 0x77e19000 	C:\Windows\SYSTEM32\sechost.dll
0x77d50000 - 0x77df2000 	C:\Windows\system32\RPCRT4.dll
0x760d0000 - 0x76199000 	C:\Windows\system32\USER32.dll
0x77b20000 - 0x77b6e000 	C:\Windows\system32\GDI32.dll
0x77d20000 - 0x77d2a000 	C:\Windows\system32\LPK.dll
0x76590000 - 0x7662d000 	C:\Windows\system32\USP10.dll
0x74310000 - 0x744ae000 	C:\Windows\WinSxS\x86_microsoft.windows.common-controls_6595b64144ccf1df_6.0.7601.18837_none_41e855142bd5705d\COMCTL32.dll
0x77b70000 - 0x77bc7000 	C:\Windows\system32\SHLWAPI.dll
0x77d30000 - 0x77d4f000 	C:\Windows\system32\IMM32.DLL
0x77970000 - 0x77a3c000 	C:\Windows\system32\MSCTF.dll
0x5de60000 - 0x5df1f000 	C:\Program Files\Java\jre1.8.0_51\bin\msvcr100.dll
0x61b10000 - 0x61ed0000 	C:\Program Files\Java\jre1.8.0_51\bin\client\jvm.dll
0x6e730000 - 0x6e737000 	C:\Windows\system32\WSOCK32.dll
0x77600000 - 0x77635000 	C:\Windows\system32\WS2_32.dll
0x77280000 - 0x77286000 	C:\Windows\system32\NSI.dll
0x73980000 - 0x739b2000 	C:\Windows\system32\WINMM.dll
0x74f80000 - 0x74f89000 	C:\Windows\system32\VERSION.dll
0x77450000 - 0x77455000 	C:\Windows\system32\PSAPI.DLL
0x63cb0000 - 0x63cbc000 	C:\Program Files\Java\jre1.8.0_51\bin\verify.dll
0x62260000 - 0x62281000 	C:\Program Files\Java\jre1.8.0_51\bin\java.dll
0x62b60000 - 0x62b73000 	C:\Program Files\Java\jre1.8.0_51\bin\zip.dll
0x6a240000 - 0x6a32b000 	C:\Windows\system32\dbghelp.dll

VM Arguments:
jvm_args: -Dfile.encoding=Cp1252 -Xbootclasspath:C:\Users\Zeeten Cybernetics\Android\android-sdk\platforms\android-22\android.jar 
java_command: com.academicworld.adapter.Test
java_class_path (initial): F:\androidworkspace\AcademicWorldApp\libs\YouTubeAndroidPlayerApi.jar;F:\androidworkspace\AcademicWorldApp\libs\volley.jar;F:\androidworkspace\android-support-v7-appcompat\libs\android-support-v4.jar;F:\androidworkspace\android-support-v7-appcompat\libs\android-support-v7-appcompat.jar;F:\androidworkspace\AcademicWorldApp\libs\PayPalAndroidSDK-2.11.1.jar;F:\androidworkspace\AcademicWorldApp\libs\org.apache.commons.httpclient.jar;F:\androidworkspace\AcademicWorldApp\libs\universal-image-loader-1.8.4-with-sources.jar;F:\androidworkspace\android-support-v7-appcompat\bin\android-support-v7-appcompat.jar;F:\androidworkspace\AcademicWorldApp\bin\classes
Launcher Type: SUN_STANDARD

Environment Variables:
JAVA_HOME=C:\Program Files\Java\jdk1.8.0_51
PATH=C:/Program Files/Java/jre1.8.0_51/bin/client;C:/Program Files/Java/jre1.8.0_51/bin;C:/Program Files/Java/jre1.8.0_51/lib/i386;C:\ProgramData\Oracle\Java\javapath;C:\Program Files\NVIDIA Corporation\PhysX\Common;C:\Windows\system32;C:\Windows;C:\Windows\System32\Wbem;C:\Windows\System32\WindowsPowerShell\v1.0\;C:\Program Files\Microsoft SQL Server\100\Tools\Binn\;C:\Program Files\Microsoft SQL Server\100\DTS\Binn\;C:\Program Files\Microsoft SQL Server\100\Tools\Binn\VSShell\Common7\IDE\;C:\palmSecure\dll;C:\palmSecure\Lib;C:\Program Files\TortoiseSVN\bin;C:\Program Files\Skype\Phone\;C:\ProgramData\Oracle\Java\javapath;C:\Program Files\NVIDIA Corporation\PhysX\Common;C:\Windows\system32;C:\Windows;C:\Windows\System32\Wbem;C:\Windows\System32\WindowsPowerShell\v1.0\;C:\Program Files\Microsoft SQL Server\100\Tools\Binn\;C:\Program Files\Microsoft SQL Server\100\DTS\Binn\;C:\Program Files\Microsoft SQL Server\100\Tools\Binn\VSShell\Common7\IDE\;C:\palmSecure\dll;C:\palmSecure\Lib;C:\Program Files\TortoiseSVN\bin;C:\Program Files\Skype\Phone\;C:\Program Files\Java\jdk1.8.0_51\bin;E:\new_soft\android\android\androidsdk\tools;E:\new_soft\android\android\androidsdk\platform-tools;E:\eclipse;
USERNAME=Zeeten Cybernetics
OS=Windows_NT
PROCESSOR_IDENTIFIER=x86 Family 6 Model 42 Stepping 7, GenuineIntel



---------------  S Y S T E M  ---------------

OS: Windows 7 Build 7601 (6.1.7601.18847)

CPU:total 4 (4 cores per cpu, 2 threads per core) family 6 model 42 stepping 7, cmov, cx8, fxsr, mmx, sse, sse2, sse3, ssse3, sse4.1, sse4.2, popcnt, avx, aes, clmul, ht, tsc, tscinvbit

Memory: 4k page, physical 3657684k(1097808k free), swap 7313640k(2299392k free)

vm_info: Java HotSpot(TM) Client VM (25.51-b03) for windows-x86 JRE (1.8.0_51-b16), built on Jun  8 2015 18:00:23 by "java_re" with MS VC++ 10.0 (VS2010)

time: Sat Oct 31 18:24:24 2015
elapsed time: 0 seconds (0d 0h 0m 0s)

